# JRE version: OpenJDK Runtime Environment Temurin-21.0.9+10 (21.0.9+10) (build 21.0.9+10-LTS)
# Java VM: OpenJDK 64-Bit Server VM Temurin-21.0.9+10 (21.0.9+10-LTS, mixed mode, sharing, tiered, compressed oops, compressed class ptrs, parallel gc, windows-amd64)
GC Precious Log:
 CardTable entry size: 512
 CPUs: 4 total, 4 available
 Memory: 16264M
 Large Page Support: Disabled
 NUMA Support: Disabled
 Compressed Oops: Enabled (32-bit)
 Alignments: Space 512K, Generation 512K, Heap 2M
 Heap Min Capacity: 100M
 Heap Initial Capacity: 100M
 Heap Max Capacity: 2G
 Pre-touch: Disabled
 Parallel Workers: 4
Heap:
 PSYoungGen      total 20992K, used 12309K [0x00000000d5580000, 0x00000000d6e00000, 0x0000000100000000)
  eden space 20480K, 57% used [0x00000000d5580000,0x00000000d61054d8,0x00000000d6980000)
  from space 512K, 100% used [0x00000000d6d80000,0x00000000d6e00000,0x00000000d6e00000)
  to   space 1024K, 0% used [0x00000000d6c00000,0x00000000d6c00000,0x00000000d6d00000)
 ParOldGen       total 68608K, used 42567K [0x0000000080000000, 0x0000000084300000, 0x00000000d5580000)
  object space 68608K, 62% used [0x0000000080000000,0x0000000082991c48,0x0000000084300000)
 Metaspace       used 66559K, committed 68032K, reserved 1114112K
  class space    used 8400K, committed 9088K, reserved 1048576K
GC Heap History (20 events):
Event: 52.320 GC heap before
{Heap before GC invocations=36 (full 3):
 PSYoungGen      total 21504K, used 20994K [0x00000000d5580000, 0x00000000d6f80000, 0x0000000100000000)
  eden space 20480K, 100% used [0x00000000d5580000,0x00000000d6980000,0x00000000d6980000)
  from space 1024K, 50% used [0x00000000d6e80000,0x00000000d6f00930,0x00000000d6f80000)
  to   space 1024K, 0% used [0x00000000d6d80000,0x00000000d6d80000,0x00000000d6e80000)
 ParOldGen       total 68608K, used 41322K [0x0000000080000000, 0x0000000084300000, 0x00000000d5580000)
  object space 68608K, 60% used [0x0000000080000000,0x000000008285a828,0x0000000084300000)
 Metaspace       used 63495K, committed 64832K, reserved 1114112K
  class space    used 7950K, committed 8576K, reserved 1048576K
}
Event: 52.321 GC heap after
{Heap after GC invocations=36 (full 3):
 PSYoungGen      total 21504K, used 401K [0x00000000d5580000, 0x00000000d6f00000, 0x0000000100000000)
  eden space 20480K, 0% used [0x00000000d5580000,0x00000000d5580000,0x00000000d6980000)
  from space 1024K, 39% used [0x00000000d6d80000,0x00000000d6de4640,0x00000000d6e80000)
  to   space 512K, 0% used [0x00000000d6e80000,0x00000000d6e80000,0x00000000d6f00000)
 ParOldGen       total 68608K, used 41491K [0x0000000080000000, 0x0000000084300000, 0x00000000d5580000)
  object space 68608K, 60% used [0x0000000080000000,0x0000000082884fe8,0x0000000084300000)
 Metaspace       used 63495K, committed 64832K, reserved 1114112K
  class space    used 7950K, committed 8576K, reserved 1048576K
}
Event: 53.078 GC heap before
{Heap before GC invocations=37 (full 3):
 PSYoungGen      total 21504K, used 20881K [0x00000000d5580000, 0x00000000d6f00000, 0x0000000100000000)
  eden space 20480K, 100% used [0x00000000d5580000,0x00000000d6980000,0x00000000d6980000)
  from space 1024K, 39% used [0x00000000d6d80000,0x00000000d6de4640,0x00000000d6e80000)
  to   space 512K, 0% used [0x00000000d6e80000,0x00000000d6e80000,0x00000000d6f00000)
 ParOldGen       total 68608K, used 41491K [0x0000000080000000, 0x0000000084300000, 0x00000000d5580000)
  object space 68608K, 60% used [0x0000000080000000,0x0000000082884fe8,0x0000000084300000)
 Metaspace       used 63666K, committed 64960K, reserved 1114112K
  class space    used 7976K, committed 8576K, reserved 1048576K
}
Event: 53.079 GC heap after
{Heap after GC invocations=37 (full 3):
 PSYoungGen      total 20992K, used 503K [0x00000000d5580000, 0x00000000d6f00000, 0x0000000100000000)
  eden space 20480K, 0% used [0x00000000d5580000,0x00000000d5580000,0x00000000d6980000)
  from space 512K, 98% used [0x00000000d6e80000,0x00000000d6efdc78,0x00000000d6f00000)
  to   space 1536K, 0% used [0x00000000d6c00000,0x00000000d6c00000,0x00000000d6d80000)
 ParOldGen       total 68608K, used 42066K [0x0000000080000000, 0x0000000084300000, 0x00000000d5580000)
  object space 68608K, 61% used [0x0000000080000000,0x0000000082914b58,0x0000000084300000)
 Metaspace       used 63666K, committed 64960K, reserved 1114112K
  class space    used 7976K, committed 8576K, reserved 1048576K
}
Event: 53.936 GC heap before
{Heap before GC invocations=38 (full 3):
 PSYoungGen      total 20992K, used 20983K [0x00000000d5580000, 0x00000000d6f00000, 0x0000000100000000)
  eden space 20480K, 100% used [0x00000000d5580000,0x00000000d6980000,0x00000000d6980000)
  from space 512K, 98% used [0x00000000d6e80000,0x00000000d6efdc78,0x00000000d6f00000)
  to   space 1536K, 0% used [0x00000000d6c00000,0x00000000d6c00000,0x00000000d6d80000)
 ParOldGen       total 68608K, used 42066K [0x0000000080000000, 0x0000000084300000, 0x00000000d5580000)
  object space 68608K, 61% used [0x0000000080000000,0x0000000082914b58,0x0000000084300000)
 Metaspace       used 63666K, committed 64960K, reserved 1114112K
  class space    used 7976K, committed 8576K, reserved 1048576K
}
Event: 53.937 GC heap after
{Heap after GC invocations=38 (full 3):
 PSYoungGen      total 22016K, used 1032K [0x00000000d5580000, 0x00000000d6f00000, 0x0000000100000000)
  eden space 20480K, 0% used [0x00000000d5580000,0x00000000d5580000,0x00000000d6980000)
  from space 1536K, 67% used [0x00000000d6c00000,0x00000000d6d02140,0x00000000d6d80000)
  to   space 1536K, 0% used [0x00000000d6d80000,0x00000000d6d80000,0x00000000d6f00000)
 ParOldGen       total 68608K, used 42202K [0x0000000080000000, 0x0000000084300000, 0x00000000d5580000)
  object space 68608K, 61% used [0x0000000080000000,0x0000000082936b58,0x0000000084300000)
 Metaspace       used 63666K, committed 64960K, reserved 1114112K
  class space    used 7976K, committed 8576K, reserved 1048576K
}
Event: 54.484 GC heap before
{Heap before GC invocations=39 (full 3):
 PSYoungGen      total 22016K, used 21512K [0x00000000d5580000, 0x00000000d6f00000, 0x0000000100000000)
  eden space 20480K, 100% used [0x00000000d5580000,0x00000000d6980000,0x00000000d6980000)
  from space 1536K, 67% used [0x00000000d6c00000,0x00000000d6d02140,0x00000000d6d80000)
  to   space 1536K, 0% used [0x00000000d6d80000,0x00000000d6d80000,0x00000000d6f00000)
 ParOldGen       total 68608K, used 42202K [0x0000000080000000, 0x0000000084300000, 0x00000000d5580000)
  object space 68608K, 61% used [0x0000000080000000,0x0000000082936b58,0x0000000084300000)
 Metaspace       used 63666K, committed 64960K, reserved 1114112K
  class space    used 7976K, committed 8576K, reserved 1048576K
}
Event: 54.485 GC heap after
{Heap after GC invocations=39 (full 3):
 PSYoungGen      total 21504K, used 965K [0x00000000d5580000, 0x00000000d6e80000, 0x0000000100000000)
  eden space 20480K, 0% used [0x00000000d5580000,0x00000000d5580000,0x00000000d6980000)
  from space 1024K, 94% used [0x00000000d6d80000,0x00000000d6e71430,0x00000000d6e80000)
  to   space 1024K, 0% used [0x00000000d6c80000,0x00000000d6c80000,0x00000000d6d80000)
 ParOldGen       total 68608K, used 42250K [0x0000000080000000, 0x0000000084300000, 0x00000000d5580000)
  object space 68608K, 61% used [0x0000000080000000,0x0000000082942b58,0x0000000084300000)
 Metaspace       used 63666K, committed 64960K, reserved 1114112K
  class space    used 7976K, committed 8576K, reserved 1048576K
}
Event: 54.973 GC heap before
{Heap before GC invocations=40 (full 3):
 PSYoungGen      total 21504K, used 21445K [0x00000000d5580000, 0x00000000d6e80000, 0x0000000100000000)
  eden space 20480K, 100% used [0x00000000d5580000,0x00000000d6980000,0x00000000d6980000)
  from space 1024K, 94% used [0x00000000d6d80000,0x00000000d6e71430,0x00000000d6e80000)
  to   space 1024K, 0% used [0x00000000d6c80000,0x00000000d6c80000,0x00000000d6d80000)
 ParOldGen       total 68608K, used 42250K [0x0000000080000000, 0x0000000084300000, 0x00000000d5580000)
  object space 68608K, 61% used [0x0000000080000000,0x0000000082942b58,0x0000000084300000)
 Metaspace       used 63666K, committed 64960K, reserved 1114112K
  class space    used 7976K, committed 8576K, reserved 1048576K
}
Event: 54.974 GC heap after
{Heap after GC invocations=40 (full 3):
 PSYoungGen      total 21504K, used 750K [0x00000000d5580000, 0x00000000d6e00000, 0x0000000100000000)
  eden space 20480K, 0% used [0x00000000d5580000,0x00000000d5580000,0x00000000d6980000)
  from space 1024K, 73% used [0x00000000d6c80000,0x00000000d6d3ba58,0x00000000d6d80000)
  to   space 512K, 0% used [0x00000000d6d80000,0x00000000d6d80000,0x00000000d6e00000)
 ParOldGen       total 68608K, used 42266K [0x0000000080000000, 0x0000000084300000, 0x00000000d5580000)
  object space 68608K, 61% used [0x0000000080000000,0x0000000082946b58,0x0000000084300000)
 Metaspace       used 63666K, committed 64960K, reserved 1114112K
  class space    used 7976K, committed 8576K, reserved 1048576K
}
Event: 55.272 GC heap before
{Heap before GC invocations=41 (full 3):
 PSYoungGen      total 21504K, used 21230K [0x00000000d5580000, 0x00000000d6e00000, 0x0000000100000000)
  eden space 20480K, 100% used [0x00000000d5580000,0x00000000d6980000,0x00000000d6980000)
  from space 1024K, 73% used [0x00000000d6c80000,0x00000000d6d3ba58,0x00000000d6d80000)
  to   space 512K, 0% used [0x00000000d6d80000,0x00000000d6d80000,0x00000000d6e00000)
 ParOldGen       total 68608K, used 42266K [0x0000000080000000, 0x0000000084300000, 0x00000000d5580000)
  object space 68608K, 61% used [0x0000000080000000,0x0000000082946b58,0x0000000084300000)
 Metaspace       used 63666K, committed 64960K, reserved 1114112K
  class space    used 7976K, committed 8576K, reserved 1048576K
}
Event: 55.272 GC heap after
{Heap after GC invocations=41 (full 3):
 PSYoungGen      total 20992K, used 356K [0x00000000d5580000, 0x00000000d6e00000, 0x0000000100000000)
  eden space 20480K, 0% used [0x00000000d5580000,0x00000000d5580000,0x00000000d6980000)
  from space 512K, 69% used [0x00000000d6d80000,0x00000000d6dd93a0,0x00000000d6e00000)
  to   space 1024K, 0% used [0x00000000d6c00000,0x00000000d6c00000,0x00000000d6d00000)
 ParOldGen       total 68608K, used 42290K [0x0000000080000000, 0x0000000084300000, 0x00000000d5580000)
  object space 68608K, 61% used [0x0000000080000000,0x000000008294cb58,0x0000000084300000)
 Metaspace       used 63666K, committed 64960K, reserved 1114112K
  class space    used 7976K, committed 8576K, reserved 1048576K
}
Event: 55.675 GC heap before
{Heap before GC invocations=42 (full 3):
 PSYoungGen      total 20992K, used 20836K [0x00000000d5580000, 0x00000000d6e00000, 0x0000000100000000)
  eden space 20480K, 100% used [0x00000000d5580000,0x00000000d6980000,0x00000000d6980000)
  from space 512K, 69% used [0x00000000d6d80000,0x00000000d6dd93a0,0x00000000d6e00000)
  to   space 1024K, 0% used [0x00000000d6c00000,0x00000000d6c00000,0x00000000d6d00000)
 ParOldGen       total 68608K, used 42290K [0x0000000080000000, 0x0000000084300000, 0x00000000d5580000)
  object space 68608K, 61% used [0x0000000080000000,0x000000008294cb58,0x0000000084300000)
 Metaspace       used 63666K, committed 64960K, reserved 1114112K
  class space    used 7976K, committed 8576K, reserved 1048576K
}
Event: 55.676 GC heap after
{Heap after GC invocations=42 (full 3):
 PSYoungGen      total 21504K, used 365K [0x00000000d5580000, 0x00000000d6e00000, 0x0000000100000000)
  eden space 20480K, 0% used [0x00000000d5580000,0x00000000d5580000,0x00000000d6980000)
  from space 1024K, 35% used [0x00000000d6c00000,0x00000000d6c5b420,0x00000000d6d00000)
  to   space 512K, 0% used [0x00000000d6d80000,0x00000000d6d80000,0x00000000d6e00000)
 ParOldGen       total 68608K, used 42306K [0x0000000080000000, 0x0000000084300000, 0x00000000d5580000)
  object space 68608K, 61% used [0x0000000080000000,0x0000000082950b58,0x0000000084300000)
 Metaspace       used 63666K, committed 64960K, reserved 1114112K
  class space    used 7976K, committed 8576K, reserved 1048576K
}
Event: 56.100 GC heap before
{Heap before GC invocations=43 (full 3):
 PSYoungGen      total 21504K, used 20845K [0x00000000d5580000, 0x00000000d6e00000, 0x0000000100000000)
  eden space 20480K, 100% used [0x00000000d5580000,0x00000000d6980000,0x00000000d6980000)
  from space 1024K, 35% used [0x00000000d6c00000,0x00000000d6c5b420,0x00000000d6d00000)
  to   space 512K, 0% used [0x00000000d6d80000,0x00000000d6d80000,0x00000000d6e00000)
 ParOldGen       total 68608K, used 42306K [0x0000000080000000, 0x0000000084300000, 0x00000000d5580000)
  object space 68608K, 61% used [0x0000000080000000,0x0000000082950b58,0x0000000084300000)
 Metaspace       used 63666K, committed 64960K, reserved 1114112K
  class space    used 7976K, committed 8576K, reserved 1048576K
}
Event: 56.101 GC heap after
{Heap after GC invocations=43 (full 3):
 PSYoungGen      total 20992K, used 224K [0x00000000d5580000, 0x00000000d6e00000, 0x0000000100000000)
  eden space 20480K, 0% used [0x00000000d5580000,0x00000000d5580000,0x00000000d6980000)
  from space 512K, 43% used [0x00000000d6d80000,0x00000000d6db8000,0x00000000d6e00000)
  to   space 512K, 0% used [0x00000000d6d00000,0x00000000d6d00000,0x00000000d6d80000)
 ParOldGen       total 68608K, used 42367K [0x0000000080000000, 0x0000000084300000, 0x00000000d5580000)
  object space 68608K, 61% used [0x0000000080000000,0x000000008295fc28,0x0000000084300000)
 Metaspace       used 63666K, committed 64960K, reserved 1114112K
  class space    used 7976K, committed 8576K, reserved 1048576K
}
Event: 56.425 GC heap before
{Heap before GC invocations=44 (full 3):
 PSYoungGen      total 20992K, used 20704K [0x00000000d5580000, 0x00000000d6e00000, 0x0000000100000000)
  eden space 20480K, 100% used [0x00000000d5580000,0x00000000d6980000,0x00000000d6980000)
  from space 512K, 43% used [0x00000000d6d80000,0x00000000d6db8000,0x00000000d6e00000)
  to   space 512K, 0% used [0x00000000d6d00000,0x00000000d6d00000,0x00000000d6d80000)
 ParOldGen       total 68608K, used 42367K [0x0000000080000000, 0x0000000084300000, 0x00000000d5580000)
  object space 68608K, 61% used [0x0000000080000000,0x000000008295fc28,0x0000000084300000)
 Metaspace       used 63666K, committed 64960K, reserved 1114112K
  class space    used 7976K, committed 8576K, reserved 1048576K
}
Event: 56.426 GC heap after
{Heap after GC invocations=44 (full 3):
 PSYoungGen      total 20992K, used 486K [0x00000000d5580000, 0x00000000d6e00000, 0x0000000100000000)
  eden space 20480K, 0% used [0x00000000d5580000,0x00000000d5580000,0x00000000d6980000)
  from space 512K, 95% used [0x00000000d6d00000,0x00000000d6d799c8,0x00000000d6d80000)
  to   space 512K, 0% used [0x00000000d6d80000,0x00000000d6d80000,0x00000000d6e00000)
 ParOldGen       total 68608K, used 42423K [0x0000000080000000, 0x0000000084300000, 0x00000000d5580000)
  object space 68608K, 61% used [0x0000000080000000,0x000000008296dc38,0x0000000084300000)
 Metaspace       used 63666K, committed 64960K, reserved 1114112K
  class space    used 7976K, committed 8576K, reserved 1048576K
}
Event: 57.236 GC heap before
{Heap before GC invocations=45 (full 3):
 PSYoungGen      total 20992K, used 20966K [0x00000000d5580000, 0x00000000d6e00000, 0x0000000100000000)
  eden space 20480K, 100% used [0x00000000d5580000,0x00000000d6980000,0x00000000d6980000)
  from space 512K, 95% used [0x00000000d6d00000,0x00000000d6d799c8,0x00000000d6d80000)
  to   space 512K, 0% used [0x00000000d6d80000,0x00000000d6d80000,0x00000000d6e00000)
 ParOldGen       total 68608K, used 42423K [0x0000000080000000, 0x0000000084300000, 0x00000000d5580000)
  object space 68608K, 61% used [0x0000000080000000,0x000000008296dc38,0x0000000084300000)
 Metaspace       used 65539K, committed 67008K, reserved 1114112K
  class space    used 8280K, committed 8960K, reserved 1048576K
}
Event: 57.238 GC heap after
{Heap after GC invocations=45 (full 3):
 PSYoungGen      total 20992K, used 512K [0x00000000d5580000, 0x00000000d6e00000, 0x0000000100000000)
  eden space 20480K, 0% used [0x00000000d5580000,0x00000000d5580000,0x00000000d6980000)
  from space 512K, 100% used [0x00000000d6d80000,0x00000000d6e00000,0x00000000d6e00000)
  to   space 1024K, 0% used [0x00000000d6c00000,0x00000000d6c00000,0x00000000d6d00000)
 ParOldGen       total 68608K, used 42567K [0x0000000080000000, 0x0000000084300000, 0x00000000d5580000)
  object space 68608K, 62% used [0x0000000080000000,0x0000000082991c48,0x0000000084300000)
 Metaspace       used 65539K, committed 67008K, reserved 1114112K
  class space    used 8280K, committed 8960K, reserved 1048576K
}

