# JRE version: OpenJDK Runtime Environment Temurin-21.0.9+10 (21.0.9+10) (build 21.0.9+10-LTS)
# Java VM: OpenJDK 64-Bit Server VM Temurin-21.0.9+10 (21.0.9+10-LTS, mixed mode, sharing, tiered, compressed oops, compressed class ptrs, g1 gc, windows-amd64)
GC Precious Log:
 CardTable entry size: 512
 Card Set container configuration: InlinePtr #cards 4 size 8 Array Of Cards #cards 32 size 80 Howl #buckets 8 coarsen threshold 7372 Howl Bitmap #cards 1024 size 144 coarsen threshold 921 Card regions per heap region 1 cards per card region 8192
 CPUs: 4 total, 4 available
 Memory: 16264M
 Large Page Support: Disabled
 NUMA Support: Disabled
 Compressed Oops: Enabled (Zero based)
 Heap Region Size: 4M
 Heap Min Capacity: 8M
 Heap Initial Capacity: 256M
 Heap Max Capacity: 8G
 Pre-touch: Disabled
 Parallel Workers: 4
 Concurrent Workers: 1
 Concurrent Refinement Workers: 4
 Periodic GC: Disabled
Heap:
 garbage-first heap   total 155648K, used 129874K [0x0000000600000000, 0x0000000800000000)
  region size 4096K, 17 young (69632K), 3 survivors (12288K)
 Metaspace       used 87425K, committed 89664K, reserved 1179648K
  class space    used 12484K, committed 13568K, reserved 1048576K
GC Heap History (20 events):
Event: 29.823 GC heap before
{Heap before GC invocations=13 (full 0):
 garbage-first heap   total 98304K, used 88439K [0x0000000600000000, 0x0000000800000000)
  region size 4096K, 13 young (53248K), 2 survivors (8192K)
 Metaspace       used 53154K, committed 54976K, reserved 1114112K
  class space    used 7627K, committed 8512K, reserved 1048576K
}
Event: 29.834 GC heap after
{Heap after GC invocations=14 (full 0):
 garbage-first heap   total 102400K, used 45434K [0x0000000600000000, 0x0000000800000000)
  region size 4096K, 2 young (8192K), 2 survivors (8192K)
 Metaspace       used 53154K, committed 54976K, reserved 1114112K
  class space    used 7627K, committed 8512K, reserved 1048576K
}
Event: 290.470 GC heap before
{Heap before GC invocations=14 (full 0):
 garbage-first heap   total 102400K, used 90490K [0x0000000600000000, 0x0000000800000000)
  region size 4096K, 13 young (53248K), 2 survivors (8192K)
 Metaspace       used 57734K, committed 59584K, reserved 1114112K
  class space    used 8197K, committed 9088K, reserved 1048576K
}
Event: 290.478 GC heap after
{Heap after GC invocations=15 (full 0):
 garbage-first heap   total 102400K, used 49003K [0x0000000600000000, 0x0000000800000000)
  region size 4096K, 2 young (8192K), 2 survivors (8192K)
 Metaspace       used 57734K, committed 59584K, reserved 1114112K
  class space    used 8197K, committed 9088K, reserved 1048576K
}
Event: 292.356 GC heap before
{Heap before GC invocations=15 (full 0):
 garbage-first heap   total 102400K, used 85867K [0x0000000600000000, 0x0000000800000000)
  region size 4096K, 12 young (49152K), 2 survivors (8192K)
 Metaspace       used 59287K, committed 61120K, reserved 1114112K
  class space    used 8389K, committed 9280K, reserved 1048576K
}
Event: 292.369 GC heap after
{Heap after GC invocations=16 (full 0):
 garbage-first heap   total 106496K, used 53389K [0x0000000600000000, 0x0000000800000000)
  region size 4096K, 2 young (8192K), 2 survivors (8192K)
 Metaspace       used 59287K, committed 61120K, reserved 1114112K
  class space    used 8389K, committed 9280K, reserved 1048576K
}
Event: 293.439 GC heap before
{Heap before GC invocations=17 (full 0):
 garbage-first heap   total 106496K, used 86157K [0x0000000600000000, 0x0000000800000000)
  region size 4096K, 11 young (45056K), 2 survivors (8192K)
 Metaspace       used 62447K, committed 64448K, reserved 1114112K
  class space    used 8949K, committed 9920K, reserved 1048576K
}
Event: 293.450 GC heap after
{Heap after GC invocations=18 (full 0):
 garbage-first heap   total 106496K, used 57095K [0x0000000600000000, 0x0000000800000000)
  region size 4096K, 1 young (4096K), 1 survivors (4096K)
 Metaspace       used 62447K, committed 64448K, reserved 1114112K
  class space    used 8949K, committed 9920K, reserved 1048576K
}
Event: 294.156 GC heap before
{Heap before GC invocations=18 (full 0):
 garbage-first heap   total 106496K, used 98055K [0x0000000600000000, 0x0000000800000000)
  region size 4096K, 10 young (40960K), 1 survivors (4096K)
 Metaspace       used 66142K, committed 68160K, reserved 1114112K
  class space    used 9439K, committed 10432K, reserved 1048576K
}
Event: 294.164 GC heap after
{Heap after GC invocations=19 (full 0):
 garbage-first heap   total 110592K, used 63078K [0x0000000600000000, 0x0000000800000000)
  region size 4096K, 2 young (8192K), 2 survivors (8192K)
 Metaspace       used 66142K, committed 68160K, reserved 1114112K
  class space    used 9439K, committed 10432K, reserved 1048576K
}
Event: 294.893 GC heap before
{Heap before GC invocations=19 (full 0):
 garbage-first heap   total 110592K, used 95846K [0x0000000600000000, 0x0000000800000000)
  region size 4096K, 10 young (40960K), 2 survivors (8192K)
 Metaspace       used 69511K, committed 71616K, reserved 1114112K
  class space    used 9879K, committed 10944K, reserved 1048576K
}
Event: 294.899 GC heap after
{Heap after GC invocations=20 (full 0):
 garbage-first heap   total 110592K, used 64391K [0x0000000600000000, 0x0000000800000000)
  region size 4096K, 2 young (8192K), 2 survivors (8192K)
 Metaspace       used 69511K, committed 71616K, reserved 1114112K
  class space    used 9879K, committed 10944K, reserved 1048576K
}
Event: 295.545 GC heap before
{Heap before GC invocations=21 (full 0):
 garbage-first heap   total 118784K, used 101255K [0x0000000600000000, 0x0000000800000000)
  region size 4096K, 10 young (40960K), 2 survivors (8192K)
 Metaspace       used 71754K, committed 73856K, reserved 1114112K
  class space    used 10173K, committed 11200K, reserved 1048576K
}
Event: 295.550 GC heap after
{Heap after GC invocations=22 (full 0):
 garbage-first heap   total 118784K, used 70116K [0x0000000600000000, 0x0000000800000000)
  region size 4096K, 2 young (8192K), 2 survivors (8192K)
 Metaspace       used 71754K, committed 73856K, reserved 1114112K
  class space    used 10173K, committed 11200K, reserved 1048576K
}
Event: 296.372 GC heap before
{Heap before GC invocations=22 (full 0):
 garbage-first heap   total 118784K, used 106980K [0x0000000600000000, 0x0000000800000000)
  region size 4096K, 11 young (45056K), 2 survivors (8192K)
 Metaspace       used 73907K, committed 75968K, reserved 1114112K
  class space    used 10493K, committed 11520K, reserved 1048576K
}
Event: 296.382 GC heap after
{Heap after GC invocations=23 (full 0):
 garbage-first heap   total 126976K, used 71108K [0x0000000600000000, 0x0000000800000000)
  region size 4096K, 2 young (8192K), 2 survivors (8192K)
 Metaspace       used 73907K, committed 75968K, reserved 1114112K
  class space    used 10493K, committed 11520K, reserved 1048576K
}
Event: 297.327 GC heap before
{Heap before GC invocations=23 (full 0):
 garbage-first heap   total 126976K, used 107972K [0x0000000600000000, 0x0000000800000000)
  region size 4096K, 11 young (45056K), 2 survivors (8192K)
 Metaspace       used 76065K, committed 78144K, reserved 1179648K
  class space    used 10795K, committed 11840K, reserved 1048576K
}
Event: 297.337 GC heap after
{Heap after GC invocations=24 (full 0):
 garbage-first heap   total 155648K, used 74730K [0x0000000600000000, 0x0000000800000000)
  region size 4096K, 2 young (8192K), 2 survivors (8192K)
 Metaspace       used 76065K, committed 78144K, reserved 1179648K
  class space    used 10795K, committed 11840K, reserved 1048576K
}
Event: 328.991 GC heap before
{Heap before GC invocations=25 (full 0):
 garbage-first heap   total 155648K, used 140266K [0x0000000600000000, 0x0000000800000000)
  region size 4096K, 18 young (73728K), 2 survivors (8192K)
 Metaspace       used 82126K, committed 84352K, reserved 1179648K
  class space    used 11730K, committed 12800K, reserved 1048576K
}
Event: 329.007 GC heap after
{Heap after GC invocations=26 (full 0):
 garbage-first heap   total 155648K, used 80722K [0x0000000600000000, 0x0000000800000000)
  region size 4096K, 3 young (12288K), 3 survivors (12288K)
 Metaspace       used 82126K, committed 84352K, reserved 1179648K
  class space    used 11730K, committed 12800K, reserved 1048576K
}

